Using pre-set license
Built from '2020.3/staging' branch; Version is '2020.3.26f1 (7298b473bc1a) revision 7510196'; Using compiler version '192528614'; Build Type 'Release'
OS: 'Windows 10  (10.0.19042) 64bit CoreCountrySpecific' Language: 'zh' Physical Memory: 7888 MB
BatchMode: 1, IsHumanControllingUs: 0, StartBugReporterOnCrash: 0, Is64bit: 1, IsPro: 0

COMMAND LINE ARGUMENTS:
C:\unityhub\2020.3.26f1\Editor\Unity.exe
-adb2
-batchMode
-noUpm
-name
AssetImportWorker0
-projectPath
C:/Users/meiyi/Desktop/Interaction_Immersive_PROJECT
-logFile
Logs/AssetImportWorker0.log
-srvPort
50574
Successfully changed project path to: C:/Users/meiyi/Desktop/Interaction_Immersive_PROJECT
C:/Users/meiyi/Desktop/Interaction_Immersive_PROJECT
Using Asset Import Pipeline V2.
Refreshing native plugins compatible for Editor in 198.37 ms, found 16 plugins.
Preloading 1 native plugins for Editor in 3.35 ms.
Initialize engine version: 2020.3.26f1 (7298b473bc1a)
[Subsystems] Discovering subsystems at path C:/unityhub/2020.3.26f1/Editor/Data/Resources/UnitySubsystems
[Subsystems] Discovering subsystems at path C:/Users/meiyi/Desktop/Interaction_Immersive_PROJECT/Assets
GfxDevice: creating device client; threaded=0
Direct3D:
    Version:  Direct3D 11.0 [level 11.0]
    Renderer: NVIDIA GeForce 940M (ID=0x1347)
    Vendor:   
    VRAM:     987 MB
    Driver:   30.0.14.7247
Initialize mono
Mono path[0] = 'C:/unityhub/2020.3.26f1/Editor/Data/Managed'
Mono path[1] = 'C:/unityhub/2020.3.26f1/Editor/Data/MonoBleedingEdge/lib/mono/unityjit'
Mono config path = 'C:/unityhub/2020.3.26f1/Editor/Data/MonoBleedingEdge/etc'
Using monoOptions --debugger-agent=transport=dt_socket,embedding=1,server=y,suspend=n,address=127.0.0.1:56836
Begin MonoManager ReloadAssembly
Registering precompiled unity dll's ...
Register platform support module: C:/unityhub/2020.3.26f1/Editor/Data/PlaybackEngines/WindowsStandaloneSupport/UnityEditor.WindowsStandalone.Extensions.dll
Registered in 0.005128 seconds.
Native extension for WindowsStandalone target not found
Refreshing native plugins compatible for Editor in 189.90 ms, found 16 plugins.
Preloading 1 native plugins for Editor in 0.16 ms.
Mono: successfully reloaded assembly
- Completed reload, in  1.589 seconds
Domain Reload Profiling:
	ReloadAssembly (1590ms)
		BeginReloadAssembly (146ms)
			ExecutionOrderSort (0ms)
			DisableScriptedObjects (0ms)
			BackupInstance (0ms)
			ReleaseScriptingObjects (0ms)
			CreateAndSetChildDomain (3ms)
		EndReloadAssembly (1237ms)
			LoadAssemblies (139ms)
			RebuildTransferFunctionScriptingTraits (0ms)
			SetupTypeCache (432ms)
			ReleaseScriptCaches (0ms)
			RebuildScriptCaches (78ms)
			SetupLoadedEditorAssemblies (514ms)
				LogAssemblyErrors (0ms)
				InitializePlatformSupportModulesInManaged (10ms)
				SetLoadedEditorAssemblies (0ms)
				RefreshPlugins (190ms)
				BeforeProcessingInitializeOnLoad (19ms)
				ProcessInitializeOnLoadAttributes (225ms)
				ProcessInitializeOnLoadMethodAttributes (69ms)
				AfterProcessingInitializeOnLoad (0ms)
				EditorAssembliesLoaded (0ms)
			ExecutionOrderSort2 (0ms)
			AwakeInstancesAfterBackupRestoration (0ms)
Platform modules already initialized, skipping
Registering precompiled user dll's ...
Registered in 0.029682 seconds.
Begin MonoManager ReloadAssembly
Native extension for WindowsStandalone target not found
Refreshing native plugins compatible for Editor in 157.32 ms, found 16 plugins.
Preloading 1 native plugins for Editor in 0.26 ms.
Mono: successfully reloaded assembly
- Completed reload, in  3.166 seconds
Domain Reload Profiling:
	ReloadAssembly (3168ms)
		BeginReloadAssembly (369ms)
			ExecutionOrderSort (0ms)
			DisableScriptedObjects (13ms)
			BackupInstance (0ms)
			ReleaseScriptingObjects (0ms)
			CreateAndSetChildDomain (48ms)
		EndReloadAssembly (2628ms)
			LoadAssemblies (201ms)
			RebuildTransferFunctionScriptingTraits (0ms)
			SetupTypeCache (879ms)
			ReleaseScriptCaches (1ms)
			RebuildScriptCaches (164ms)
			SetupLoadedEditorAssemblies (1018ms)
				LogAssemblyErrors (0ms)
				InitializePlatformSupportModulesInManaged (8ms)
				SetLoadedEditorAssemblies (0ms)
				RefreshPlugins (158ms)
				BeforeProcessingInitializeOnLoad (178ms)
				ProcessInitializeOnLoadAttributes (629ms)
				ProcessInitializeOnLoadMethodAttributes (31ms)
				AfterProcessingInitializeOnLoad (13ms)
				EditorAssembliesLoaded (0ms)
			ExecutionOrderSort2 (0ms)
			AwakeInstancesAfterBackupRestoration (16ms)
Platform modules already initialized, skipping
========================================================================
Worker process is ready to serve import requests
Launched and connected shader compiler UnityShaderCompiler.exe after 0.19 seconds
Refreshing native plugins compatible for Editor in 1.21 ms, found 16 plugins.
Preloading 1 native plugins for Editor in 0.13 ms.
Unloading 2441 Unused Serialized files (Serialized files now loaded: 0)
System memory in use before: 116.7 MB.
System memory in use after: 116.9 MB.

Unloading 42 unused Assets to reduce memory usage. Loaded Objects now: 2886.
Total: 6.845800 ms (FindLiveObjects: 0.286400 ms CreateObjectMapping: 0.168400 ms MarkObjects: 6.274600 ms  DeleteObjects: 0.114700 ms)

AssetImportParameters requested are different than current active one (requested -> active):
  custom:framework-win-MediaFoundation: 216162199b28c13a410421893ffa2e32 -> 
  custom:video-decoder-ogg-theora: a1e56fd34408186e4bbccfd4996cb3dc -> 
  custom:container-muxer-webm: aa71ff27fc2769a1b78a27578f13a17b -> 
  custom:container-demuxer-webm: 4f35f7cbe854078d1ac9338744f61a02 -> 
  custom:container-demuxer-ogg: 62fdf1f143b41e24485cea50d1cbac27 -> 
  custom:video-encoder-webm-vp8: eb34c28f22e8b96e1ab97ce403110664 -> 
  custom:video-decoder-webm-vp8: 9c59270c3fd7afecdb556c50c9e8de78 -> 
  custom:audio-decoder-ogg-vorbis: bf7c407c2cedff20999df2af8eb42d56 -> 
  custom:audio-encoder-webm-vorbis: bf7c407c2cedff20999df2af8eb42d56 -> 
========================================================================
Received Import Request.
  path: Assets/LowPolyInterior/Prefabs/Room/PC_Table.prefab
  artifactKey: Guid(530ac2fccd8937248811defa3c2390d7) Importer(815301076,1909f56bfc062723c751e8b465ee728b)
Start importing Assets/LowPolyInterior/Prefabs/Room/PC_Table.prefab using Guid(530ac2fccd8937248811defa3c2390d7) Importer(815301076,1909f56bfc062723c751e8b465ee728b)  -> (artifact id: 'b8b5c0d4005a15666a6df29dabc3e794') in 0.468218 seconds 
  Import took 0.487877 seconds .

========================================================================
Received Import Request.
  Time since last request: 205.073723 seconds.
  path: Assets/Tree_Textures
  artifactKey: Guid(3e56cf31b527caf449f6c151212aaf90) Importer(815301076,1909f56bfc062723c751e8b465ee728b)
Start importing Assets/Tree_Textures using Guid(3e56cf31b527caf449f6c151212aaf90) Importer(815301076,1909f56bfc062723c751e8b465ee728b)  -> (artifact id: '9b8117445e5364e78cc7ccc0a521fb80') in 0.016962 seconds 
  Import took 0.026234 seconds .

========================================================================
Received Import Request.
  Time since last request: 0.012152 seconds.
  path: Assets/Tree_Textures/diffuse.png
  artifactKey: Guid(4302306d22edaa04080e67105c72961f) Importer(815301076,1909f56bfc062723c751e8b465ee728b)
Start importing Assets/Tree_Textures/diffuse.png using Guid(4302306d22edaa04080e67105c72961f) Importer(815301076,1909f56bfc062723c751e8b465ee728b)  -> (artifact id: 'e04c961ce1cac48582e90fe9eebf4e8e') in 0.083761 seconds 
  Import took 0.093513 seconds .

========================================================================
Received Import Request.
  Time since last request: 0.000316 seconds.
  path: Assets/Tree_Textures/normal_specular.png
  artifactKey: Guid(91ceaeec312324a479dfffdf9d570b53) Importer(815301076,1909f56bfc062723c751e8b465ee728b)
Start importing Assets/Tree_Textures/normal_specular.png using Guid(91ceaeec312324a479dfffdf9d570b53) Importer(815301076,1909f56bfc062723c751e8b465ee728b)  -> (artifact id: '20fc04e4519af78cd2e6e8b0c8a07f2a') in 0.035963 seconds 
  Import took 0.046541 seconds .

========================================================================
Received Import Request.
  Time since last request: 0.000334 seconds.
  path: Assets/Tree_Textures/translucency_gloss.png
  artifactKey: Guid(b461995705c3995449a8b5566b724142) Importer(815301076,1909f56bfc062723c751e8b465ee728b)
Start importing Assets/Tree_Textures/translucency_gloss.png using Guid(b461995705c3995449a8b5566b724142) Importer(815301076,1909f56bfc062723c751e8b465ee728b)  -> (artifact id: '54f2f269dc776f860f3bd8f02e986185') in 0.030285 seconds 
  Import took 0.039137 seconds .

========================================================================
Received Import Request.
  Time since last request: 0.000258 seconds.
  path: Assets/Tree_Textures/shadow.png
  artifactKey: Guid(7d32854683f1f9d4daf58a22c8c445d3) Importer(815301076,1909f56bfc062723c751e8b465ee728b)
Start importing Assets/Tree_Textures/shadow.png using Guid(7d32854683f1f9d4daf58a22c8c445d3) Importer(815301076,1909f56bfc062723c751e8b465ee728b)  -> (artifact id: 'a70a7aa0367ebbce3adf2ff7f080dd17') in 0.028870 seconds 
  Import took 0.037141 seconds .

========================================================================
Received Import Request.
  Time since last request: 3.262902 seconds.
  path: Assets/Tree 1_Textures
  artifactKey: Guid(3e741c37458a8764590f305595374815) Importer(815301076,1909f56bfc062723c751e8b465ee728b)
Start importing Assets/Tree 1_Textures using Guid(3e741c37458a8764590f305595374815) Importer(815301076,1909f56bfc062723c751e8b465ee728b)  -> (artifact id: 'ce73377ac56d2086fafc8eb9d6e61846') in 0.011697 seconds 
  Import took 0.019092 seconds .

========================================================================
Received Import Request.
  Time since last request: 0.040309 seconds.
  path: Assets/Tree 1_Textures/diffuse.png
  artifactKey: Guid(315d79f2ddfeaa44aaf51abf21a16321) Importer(815301076,1909f56bfc062723c751e8b465ee728b)
Start importing Assets/Tree 1_Textures/diffuse.png using Guid(315d79f2ddfeaa44aaf51abf21a16321) Importer(815301076,1909f56bfc062723c751e8b465ee728b)  -> (artifact id: 'e55f40f9966f5ebb0ed54cfbe9f1873f') in 0.021527 seconds 
  Import took 0.032822 seconds .

========================================================================
Received Import Request.
  Time since last request: 0.000354 seconds.
  path: Assets/Tree 1_Textures/shadow.png
  artifactKey: Guid(43419e0f97a5cd84d9b339052a110ea7) Importer(815301076,1909f56bfc062723c751e8b465ee728b)
Start importing Assets/Tree 1_Textures/shadow.png using Guid(43419e0f97a5cd84d9b339052a110ea7) Importer(815301076,1909f56bfc062723c751e8b465ee728b)  -> (artifact id: 'fb4ac3c6bf91422b4c63c7ffcb5d3d41') in 0.018773 seconds 
  Import took 0.028498 seconds .

========================================================================
Received Import Request.
  Time since last request: 0.000284 seconds.
  path: Assets/Tree 1_Textures/normal_specular.png
  artifactKey: Guid(12e255cb403721549b3496eda7fd5a55) Importer(815301076,1909f56bfc062723c751e8b465ee728b)
Start importing Assets/Tree 1_Textures/normal_specular.png using Guid(12e255cb403721549b3496eda7fd5a55) Importer(815301076,1909f56bfc062723c751e8b465ee728b)  -> (artifact id: '1bfadd768ff924d5dc3ea837cd49a390') in 0.015220 seconds 
  Import took 0.023437 seconds .

========================================================================
Received Import Request.
  Time since last request: 0.000263 seconds.
  path: Assets/Tree 1_Textures/translucency_gloss.png
  artifactKey: Guid(8a6730666dcccb045ba5b834862692f9) Importer(815301076,1909f56bfc062723c751e8b465ee728b)
Start importing Assets/Tree 1_Textures/translucency_gloss.png using Guid(8a6730666dcccb045ba5b834862692f9) Importer(815301076,1909f56bfc062723c751e8b465ee728b)  -> (artifact id: '14cce45584cda7af9a8ae29ec172623f') in 0.016751 seconds 
  Import took 0.024721 seconds .

========================================================================
Received Import Request.
  Time since last request: 165915.006199 seconds.
  path: Assets/Scripts/test5.cs
  artifactKey: Guid(e02e7b4e59bcbbe4888b62380b888890) Importer(815301076,1909f56bfc062723c751e8b465ee728b)
Start importing Assets/Scripts/test5.cs using Guid(e02e7b4e59bcbbe4888b62380b888890) Importer(815301076,1909f56bfc062723c751e8b465ee728b)  -> (artifact id: '070aabf018f7e9a560614d8f37c85876') in 0.017406 seconds 
  Import took 0.024745 seconds .

========================================================================
Received Import Request.
  Time since last request: 30.226490 seconds.
  path: Assets/Scripts/ChangeColor.cs
  artifactKey: Guid(e02e7b4e59bcbbe4888b62380b888890) Importer(815301076,1909f56bfc062723c751e8b465ee728b)
Start importing Assets/Scripts/ChangeColor.cs using Guid(e02e7b4e59bcbbe4888b62380b888890) Importer(815301076,1909f56bfc062723c751e8b465ee728b)  -> (artifact id: 'b4e1c4cda3488c4d0151e4d094d6e497') in 0.013322 seconds 
  Import took 0.027394 seconds .

========================================================================
Received Prepare
Registering precompiled user dll's ...
Registered in 0.286735 seconds.
Begin MonoManager ReloadAssembly
Native extension for WindowsStandalone target not found
Refreshing native plugins compatible for Editor in 2.09 ms, found 16 plugins.
Preloading 1 native plugins for Editor in 0.35 ms.
Mono: successfully reloaded assembly
- Completed reload, in  1.743 seconds
Domain Reload Profiling:
	ReloadAssembly (1744ms)
		BeginReloadAssembly (226ms)
			ExecutionOrderSort (0ms)
			DisableScriptedObjects (9ms)
			BackupInstance (0ms)
			ReleaseScriptingObjects (0ms)
			CreateAndSetChildDomain (75ms)
		EndReloadAssembly (1419ms)
			LoadAssemblies (147ms)
			RebuildTransferFunctionScriptingTraits (0ms)
			SetupTypeCache (488ms)
			ReleaseScriptCaches (1ms)
			RebuildScriptCaches (79ms)
			SetupLoadedEditorAssemblies (503ms)
				LogAssemblyErrors (0ms)
				InitializePlatformSupportModulesInManaged (6ms)
				SetLoadedEditorAssemblies (1ms)
				RefreshPlugins (3ms)
				BeforeProcessingInitializeOnLoad (100ms)
				ProcessInitializeOnLoadAttributes (362ms)
				ProcessInitializeOnLoadMethodAttributes (25ms)
				AfterProcessingInitializeOnLoad (6ms)
				EditorAssembliesLoaded (0ms)
			ExecutionOrderSort2 (0ms)
			AwakeInstancesAfterBackupRestoration (9ms)
Platform modules already initialized, skipping
Refreshing native plugins compatible for Editor in 1.77 ms, found 16 plugins.
Preloading 1 native plugins for Editor in 0.12 ms.
Unloading 2391 Unused Serialized files (Serialized files now loaded: 0)
System memory in use before: 117.8 MB.
System memory in use after: 118.0 MB.

Unloading 35 unused Assets to reduce memory usage. Loaded Objects now: 2900.
Total: 4.400500 ms (FindLiveObjects: 0.327300 ms CreateObjectMapping: 0.141500 ms MarkObjects: 3.897300 ms  DeleteObjects: 0.032800 ms)

AssetImportParameters requested are different than current active one (requested -> active):
  custom:framework-win-MediaFoundation: 216162199b28c13a410421893ffa2e32 -> 
  custom:video-decoder-ogg-theora: a1e56fd34408186e4bbccfd4996cb3dc -> 
  custom:container-muxer-webm: aa71ff27fc2769a1b78a27578f13a17b -> 
  custom:container-demuxer-webm: 4f35f7cbe854078d1ac9338744f61a02 -> 
  custom:container-demuxer-ogg: 62fdf1f143b41e24485cea50d1cbac27 -> 
  custom:video-encoder-webm-vp8: eb34c28f22e8b96e1ab97ce403110664 -> 
  custom:video-decoder-webm-vp8: 9c59270c3fd7afecdb556c50c9e8de78 -> 
  custom:audio-decoder-ogg-vorbis: bf7c407c2cedff20999df2af8eb42d56 -> 
  custom:audio-encoder-webm-vorbis: bf7c407c2cedff20999df2af8eb42d56 -> 
========================================================================
Received Import Request.
  Time since last request: 141.951423 seconds.
  path: Assets/Scripts/test1.cs
  artifactKey: Guid(5be89f40057a14b47ab62addcc93ebb5) Importer(815301076,1909f56bfc062723c751e8b465ee728b)
Start importing Assets/Scripts/test1.cs using Guid(5be89f40057a14b47ab62addcc93ebb5) Importer(815301076,1909f56bfc062723c751e8b465ee728b)  -> (artifact id: '27381a4a3681cfd6560045672caeb2b5') in 0.026572 seconds 
  Import took 0.035841 seconds .

========================================================================
Received Prepare
Registering precompiled user dll's ...
Registered in 0.021726 seconds.
Begin MonoManager ReloadAssembly
Native extension for WindowsStandalone target not found
Refreshing native plugins compatible for Editor in 2.67 ms, found 16 plugins.
Preloading 1 native plugins for Editor in 1.66 ms.
Mono: successfully reloaded assembly
- Completed reload, in  1.992 seconds
Domain Reload Profiling:
	ReloadAssembly (1992ms)
		BeginReloadAssembly (231ms)
			ExecutionOrderSort (0ms)
			DisableScriptedObjects (6ms)
			BackupInstance (0ms)
			ReleaseScriptingObjects (0ms)
			CreateAndSetChildDomain (48ms)
		EndReloadAssembly (1655ms)
			LoadAssemblies (216ms)
			RebuildTransferFunctionScriptingTraits (0ms)
			SetupTypeCache (615ms)
			ReleaseScriptCaches (1ms)
			RebuildScriptCaches (168ms)
			SetupLoadedEditorAssemblies (506ms)
				LogAssemblyErrors (0ms)
				InitializePlatformSupportModulesInManaged (8ms)
				SetLoadedEditorAssemblies (3ms)
				RefreshPlugins (5ms)
				BeforeProcessingInitializeOnLoad (140ms)
				ProcessInitializeOnLoadAttributes (326ms)
				ProcessInitializeOnLoadMethodAttributes (16ms)
				AfterProcessingInitializeOnLoad (7ms)
				EditorAssembliesLoaded (0ms)
			ExecutionOrderSort2 (0ms)
			AwakeInstancesAfterBackupRestoration (10ms)
Platform modules already initialized, skipping
Refreshing native plugins compatible for Editor in 2.51 ms, found 16 plugins.
Preloading 1 native plugins for Editor in 0.20 ms.
Unloading 2391 Unused Serialized files (Serialized files now loaded: 0)
System memory in use before: 117.9 MB.
System memory in use after: 118.1 MB.

Unloading 35 unused Assets to reduce memory usage. Loaded Objects now: 2903.
Total: 12.885200 ms (FindLiveObjects: 0.616200 ms CreateObjectMapping: 2.674200 ms MarkObjects: 9.537300 ms  DeleteObjects: 0.055300 ms)

AssetImportParameters requested are different than current active one (requested -> active):
  custom:framework-win-MediaFoundation: 216162199b28c13a410421893ffa2e32 -> 
  custom:video-decoder-ogg-theora: a1e56fd34408186e4bbccfd4996cb3dc -> 
  custom:container-muxer-webm: aa71ff27fc2769a1b78a27578f13a17b -> 
  custom:container-demuxer-webm: 4f35f7cbe854078d1ac9338744f61a02 -> 
  custom:container-demuxer-ogg: 62fdf1f143b41e24485cea50d1cbac27 -> 
  custom:video-encoder-webm-vp8: eb34c28f22e8b96e1ab97ce403110664 -> 
  custom:video-decoder-webm-vp8: 9c59270c3fd7afecdb556c50c9e8de78 -> 
  custom:audio-decoder-ogg-vorbis: bf7c407c2cedff20999df2af8eb42d56 -> 
  custom:audio-encoder-webm-vorbis: bf7c407c2cedff20999df2af8eb42d56 -> 
========================================================================
Received Import Request.
  Time since last request: 87.882110 seconds.
  path: Assets/Scripts/Add.cs
  artifactKey: Guid(5be89f40057a14b47ab62addcc93ebb5) Importer(815301076,1909f56bfc062723c751e8b465ee728b)
Start importing Assets/Scripts/Add.cs using Guid(5be89f40057a14b47ab62addcc93ebb5) Importer(815301076,1909f56bfc062723c751e8b465ee728b)  -> (artifact id: '6d1ba58a8fba91bc333976c03187b0ea') in 0.035246 seconds 
  Import took 0.043601 seconds .

========================================================================
Received Prepare
Registering precompiled user dll's ...
Registered in 0.016299 seconds.
Begin MonoManager ReloadAssembly
Native extension for WindowsStandalone target not found
Refreshing native plugins compatible for Editor in 2.05 ms, found 16 plugins.
Preloading 1 native plugins for Editor in 0.16 ms.
Mono: successfully reloaded assembly
- Completed reload, in  2.025 seconds
Domain Reload Profiling:
	ReloadAssembly (2026ms)
		BeginReloadAssembly (165ms)
			ExecutionOrderSort (0ms)
			DisableScriptedObjects (6ms)
			BackupInstance (0ms)
			ReleaseScriptingObjects (0ms)
			CreateAndSetChildDomain (53ms)
		EndReloadAssembly (1751ms)
			LoadAssemblies (151ms)
			RebuildTransferFunctionScriptingTraits (0ms)
			SetupTypeCache (613ms)
			ReleaseScriptCaches (1ms)
			RebuildScriptCaches (87ms)
			SetupLoadedEditorAssemblies (657ms)
				LogAssemblyErrors (0ms)
				InitializePlatformSupportModulesInManaged (8ms)
				SetLoadedEditorAssemblies (1ms)
				RefreshPlugins (3ms)
				BeforeProcessingInitializeOnLoad (99ms)
				ProcessInitializeOnLoadAttributes (523ms)
				ProcessInitializeOnLoadMethodAttributes (16ms)
				AfterProcessingInitializeOnLoad (7ms)
				EditorAssembliesLoaded (0ms)
			ExecutionOrderSort2 (0ms)
			AwakeInstancesAfterBackupRestoration (8ms)
Platform modules already initialized, skipping
Refreshing native plugins compatible for Editor in 14.72 ms, found 16 plugins.
Preloading 1 native plugins for Editor in 0.17 ms.
Unloading 2391 Unused Serialized files (Serialized files now loaded: 0)
System memory in use before: 117.9 MB.
System memory in use after: 118.1 MB.

Unloading 35 unused Assets to reduce memory usage. Loaded Objects now: 2906.
Total: 8.192900 ms (FindLiveObjects: 0.362700 ms CreateObjectMapping: 0.156600 ms MarkObjects: 7.633300 ms  DeleteObjects: 0.038100 ms)

AssetImportParameters requested are different than current active one (requested -> active):
  custom:framework-win-MediaFoundation: 216162199b28c13a410421893ffa2e32 -> 
  custom:video-decoder-ogg-theora: a1e56fd34408186e4bbccfd4996cb3dc -> 
  custom:container-muxer-webm: aa71ff27fc2769a1b78a27578f13a17b -> 
  custom:container-demuxer-webm: 4f35f7cbe854078d1ac9338744f61a02 -> 
  custom:container-demuxer-ogg: 62fdf1f143b41e24485cea50d1cbac27 -> 
  custom:video-encoder-webm-vp8: eb34c28f22e8b96e1ab97ce403110664 -> 
  custom:video-decoder-webm-vp8: 9c59270c3fd7afecdb556c50c9e8de78 -> 
  custom:audio-decoder-ogg-vorbis: bf7c407c2cedff20999df2af8eb42d56 -> 
  custom:audio-encoder-webm-vorbis: bf7c407c2cedff20999df2af8eb42d56 -> 
========================================================================
Received Prepare
Registering precompiled user dll's ...
Registered in 0.018429 seconds.
Begin MonoManager ReloadAssembly
Native extension for WindowsStandalone target not found
Refreshing native plugins compatible for Editor in 2.24 ms, found 16 plugins.
Preloading 1 native plugins for Editor in 0.20 ms.
Mono: successfully reloaded assembly
- Completed reload, in  2.274 seconds
Domain Reload Profiling:
	ReloadAssembly (2275ms)
		BeginReloadAssembly (168ms)
			ExecutionOrderSort (0ms)
			DisableScriptedObjects (9ms)
			BackupInstance (0ms)
			ReleaseScriptingObjects (0ms)
			CreateAndSetChildDomain (55ms)
		EndReloadAssembly (2011ms)
			LoadAssemblies (149ms)
			RebuildTransferFunctionScriptingTraits (0ms)
			SetupTypeCache (591ms)
			ReleaseScriptCaches (2ms)
			RebuildScriptCaches (117ms)
			SetupLoadedEditorAssemblies (847ms)
				LogAssemblyErrors (0ms)
				InitializePlatformSupportModulesInManaged (10ms)
				SetLoadedEditorAssemblies (1ms)
				RefreshPlugins (3ms)
				BeforeProcessingInitializeOnLoad (151ms)
				ProcessInitializeOnLoadAttributes (644ms)
				ProcessInitializeOnLoadMethodAttributes (27ms)
				AfterProcessingInitializeOnLoad (11ms)
				EditorAssembliesLoaded (1ms)
			ExecutionOrderSort2 (0ms)
			AwakeInstancesAfterBackupRestoration (17ms)
Platform modules already initialized, skipping
Refreshing native plugins compatible for Editor in 1.20 ms, found 16 plugins.
Preloading 1 native plugins for Editor in 0.11 ms.
Unloading 2391 Unused Serialized files (Serialized files now loaded: 0)
System memory in use before: 117.9 MB.
System memory in use after: 118.1 MB.

Unloading 35 unused Assets to reduce memory usage. Loaded Objects now: 2909.
Total: 4.179700 ms (FindLiveObjects: 0.217300 ms CreateObjectMapping: 0.106100 ms MarkObjects: 3.786500 ms  DeleteObjects: 0.068400 ms)

AssetImportParameters requested are different than current active one (requested -> active):
  custom:framework-win-MediaFoundation: 216162199b28c13a410421893ffa2e32 -> 
  custom:video-decoder-ogg-theora: a1e56fd34408186e4bbccfd4996cb3dc -> 
  custom:container-muxer-webm: aa71ff27fc2769a1b78a27578f13a17b -> 
  custom:container-demuxer-webm: 4f35f7cbe854078d1ac9338744f61a02 -> 
  custom:container-demuxer-ogg: 62fdf1f143b41e24485cea50d1cbac27 -> 
  custom:video-encoder-webm-vp8: eb34c28f22e8b96e1ab97ce403110664 -> 
  custom:video-decoder-webm-vp8: 9c59270c3fd7afecdb556c50c9e8de78 -> 
  custom:audio-decoder-ogg-vorbis: bf7c407c2cedff20999df2af8eb42d56 -> 
  custom:audio-encoder-webm-vorbis: bf7c407c2cedff20999df2af8eb42d56 -> 
========================================================================
Received Import Request.
  Time since last request: 34.827825 seconds.
  path: Assets/Scripts/Add.cs
  artifactKey: Guid(5be89f40057a14b47ab62addcc93ebb5) Importer(815301076,1909f56bfc062723c751e8b465ee728b)
Start importing Assets/Scripts/Add.cs using Guid(5be89f40057a14b47ab62addcc93ebb5) Importer(815301076,1909f56bfc062723c751e8b465ee728b)  -> (artifact id: 'e8a11cc6a3c96c4ee202ce8e83ae7b59') in 0.008360 seconds 
  Import took 0.014325 seconds .

========================================================================
Received Import Request.
  Time since last request: 735.035301 seconds.
  path: Assets/Scripts/LightController.cs
  artifactKey: Guid(cec4470850a81ba40a38a42501d3e94c) Importer(815301076,1909f56bfc062723c751e8b465ee728b)
Start importing Assets/Scripts/LightController.cs using Guid(cec4470850a81ba40a38a42501d3e94c) Importer(815301076,1909f56bfc062723c751e8b465ee728b)  -> (artifact id: 'fbc6bf6b6aa707eaa09d705267a95b35') in 0.014497 seconds 
  Import took 0.056917 seconds .

========================================================================
Received Import Request.
  Time since last request: 51.391541 seconds.
  path: Assets/Scripts/ChangeColor.cs
  artifactKey: Guid(e02e7b4e59bcbbe4888b62380b888890) Importer(815301076,1909f56bfc062723c751e8b465ee728b)
Start importing Assets/Scripts/ChangeColor.cs using Guid(e02e7b4e59bcbbe4888b62380b888890) Importer(815301076,1909f56bfc062723c751e8b465ee728b)  -> (artifact id: 'b5a2aa920d44d1c093aeddffc7197b61') in 0.007989 seconds 
  Import took 0.017220 seconds .

========================================================================
Received Import Request.
  Time since last request: 2328.496933 seconds.
  path: Assets/Scenes/LowPolyInterior_Demo.unity
  artifactKey: Guid(be7da2d78e467814186fe24a4e542b91) Importer(815301076,1909f56bfc062723c751e8b465ee728b)
Start importing Assets/Scenes/LowPolyInterior_Demo.unity using Guid(be7da2d78e467814186fe24a4e542b91) Importer(815301076,1909f56bfc062723c751e8b465ee728b)  -> (artifact id: 'eb540d483f713af041b1f43cdd5a3df2') in 0.210437 seconds 
  Import took 0.231122 seconds .

========================================================================
Received Import Request.
  Time since last request: 18.767463 seconds.
  path: Assets/Scenes/Room.unity
  artifactKey: Guid(be7da2d78e467814186fe24a4e542b91) Importer(815301076,1909f56bfc062723c751e8b465ee728b)
Start importing Assets/Scenes/Room.unity using Guid(be7da2d78e467814186fe24a4e542b91) Importer(815301076,1909f56bfc062723c751e8b465ee728b)  -> (artifact id: '39407c98e2d5b736bf67ce8d2c56ccbb') in 0.014227 seconds 
  Import took 0.024344 seconds .

========================================================================
Received Import Request.
  Time since last request: 34.815352 seconds.
  path: Assets/Scenes/SampleScene.unity
  artifactKey: Guid(9fc0d4010bbf28b4594072e72b8655ab) Importer(815301076,1909f56bfc062723c751e8b465ee728b)
Start importing Assets/Scenes/SampleScene.unity using Guid(9fc0d4010bbf28b4594072e72b8655ab) Importer(815301076,1909f56bfc062723c751e8b465ee728b)  -> (artifact id: 'db09f6b414a709b3c1b6b6fb7e8b5d5b') in 0.012261 seconds 
  Import took 0.026072 seconds .

AssetImportWorkerClient::OnTransportError - code=2 error=End of file
